<?xml version="1.0" encoding="UTF-8"?>
<testsuite xmlns:xsi="http://www.w3.org/2001/XMLSchema-instance" xsi:noNamespaceSchemaLocation="https://maven.apache.org/surefire/maven-surefire-plugin/xsd/surefire-test-report-3.0.xsd" version="3.0" name="com.parcinfo.validation.SmartphoneValidatorTest" time="0.068" tests="23" errors="0" skipped="0" failures="0">
  <properties>
[...]
</properties>
  <testcase name="shouldValidateStorageLimits(int)[1]" classname="com.parcinfo.validation.SmartphoneValidatorTest" time="0.014"/>
  <testcase name="shouldValidateStorageLimits(int)[2]" classname="com.parcinfo.validation.SmartphoneValidatorTest" time="0.001"/>
  <testcase name="shouldValidateStorageLimits(int)[3]" classname="com.parcinfo.validation.SmartphoneValidatorTest" time="0.001"/>
  <testcase name="shouldValidateStorageLimits(int)[4]" classname="com.parcinfo.validation.SmartphoneValidatorTest" time="0.001"/>
  <testcase name="shouldRejectInvalidScreenSize" classname="com.parcinfo.validation.SmartphoneValidatorTest" time="0.001"/>
  <testcase name="shouldValidateScreenSizeLimits(double)[1]" classname="com.parcinfo.validation.SmartphoneValidatorTest" time="0.003"/>
  <testcase name="shouldValidateScreenSizeLimits(double)[2]" classname="com.parcinfo.validation.SmartphoneValidatorTest" time="0.0"/>
  <testcase name="shouldValidateScreenSizeLimits(double)[3]" classname="com.parcinfo.validation.SmartphoneValidatorTest" time="0.0"/>
  <testcase name="shouldValidateScreenSizeLimits(double)[4]" classname="com.parcinfo.validation.SmartphoneValidatorTest" time="0.0"/>
  <testcase name="shouldValidateValidSmartphone" classname="com.parcinfo.validation.SmartphoneValidatorTest" time="0.0"/>
  <testcase name="shouldValidateRamLimits(int)[1]" classname="com.parcinfo.validation.SmartphoneValidatorTest" time="0.0"/>
  <testcase name="shouldValidateRamLimits(int)[2]" classname="com.parcinfo.validation.SmartphoneValidatorTest" time="0.0"/>
  <testcase name="shouldValidateRamLimits(int)[3]" classname="com.parcinfo.validation.SmartphoneValidatorTest" time="0.0"/>
  <testcase name="shouldValidateRamLimits(int)[4]" classname="com.parcinfo.validation.SmartphoneValidatorTest" time="0.0"/>
  <testcase name="shouldRejectInvalidBatteryCapacity" classname="com.parcinfo.validation.SmartphoneValidatorTest" time="0.001"/>
  <testcase name="shouldValidateBatteryCapacityLimits(int)[1]" classname="com.parcinfo.validation.SmartphoneValidatorTest" time="0.0"/>
  <testcase name="shouldValidateBatteryCapacityLimits(int)[2]" classname="com.parcinfo.validation.SmartphoneValidatorTest" time="0.0"/>
  <testcase name="shouldValidateBatteryCapacityLimits(int)[3]" classname="com.parcinfo.validation.SmartphoneValidatorTest" time="0.001"/>
  <testcase name="shouldValidateBatteryCapacityLimits(int)[4]" classname="com.parcinfo.validation.SmartphoneValidatorTest" time="0.0"/>
  <testcase name="shouldRejectInvalidStorage" classname="com.parcinfo.validation.SmartphoneValidatorTest" time="0.001"/>
  <testcase name="shouldSupportSmartphoneClass" classname="com.parcinfo.validation.SmartphoneValidatorTest" time="0.0"/>
  <testcase name="shouldRejectInvalidRam" classname="com.parcinfo.validation.SmartphoneValidatorTest" time="0.0"/>
  <testcase name="shouldValidateSmartphoneWithNullValues" classname="com.parcinfo.validation.SmartphoneValidatorTest" time="0.001"/>
</testsuite>