<?xml version="1.0" encoding="UTF-8"?>
<testsuite xmlns:xsi="http://www.w3.org/2001/XMLSchema-instance" xsi:noNamespaceSchemaLocation="https://maven.apache.org/surefire/maven-surefire-plugin/xsd/surefire-test-report-3.0.xsd" version="3.0" name="com.parcinfo.controller.AuthenticationControllerTest" time="10.841" tests="3" errors="0" skipped="0" failures="0">
  <properties>
[...]
</properties>
  <testcase name="register_ShouldReturnToken" classname="com.parcinfo.controller.AuthenticationControllerTest" time="0.351">
    <system-out><![CDATA[11:50:54.429 [main] INFO org.springframework.test.context.support.AnnotationConfigContextLoaderUtils -- Could not detect default configuration classes for test class [com.parcinfo.controller.AuthenticationControllerTest]: AuthenticationControllerTest does not declare any static, non-private, non-final, nested classes annotated with @Configuration.
11:50:54.657 [main] INFO org.springframework.boot.test.context.SpringBootTestContextBootstrapper -- Found @SpringBootConfiguration com.parcinfo.ParcInfoApplication for test class com.parcinfo.controller.AuthenticationControllerTest

  .   ____          _            __ _ _
 /\\ / ___'_ __ _ _(_)_ __  __ _ \ \ \ \
( ( )\___ | '_ | '_| | '_ \/ _` | \ \ \ \
 \\/  ___)| |_)| | | | | || (_| |  ) ) ) )
  '  |____| .__|_| |_|_| |_\__, | / / / /
 =========|_|==============|___/=/_/_/_/
 :: Spring Boot ::                (v3.2.4)

2025-04-22T11:50:55.342+02:00  INFO 23256 --- [           main] c.p.c.AuthenticationControllerTest       : Starting AuthenticationControllerTest using Java 21.0.2 with PID 23256 (started by CDA-05 in C:\Users\CDA-05\Desktop\parcinfosolo-api-Dep-DevOps\parcinfosolo-api-Deploy-DevOps)
2025-04-22T11:50:55.344+02:00  INFO 23256 --- [           main] c.p.c.AuthenticationControllerTest       : No active profile set, falling back to 1 default profile: "default"
2025-04-22T11:50:56.495+02:00  INFO 23256 --- [           main] .s.d.r.c.RepositoryConfigurationDelegate : Bootstrapping Spring Data JPA repositories in DEFAULT mode.
2025-04-22T11:50:56.616+02:00  INFO 23256 --- [           main] .s.d.r.c.RepositoryConfigurationDelegate : Finished Spring Data repository scanning in 110 ms. Found 12 JPA repository interfaces.
2025-04-22T11:50:59.033+02:00  INFO 23256 --- [           main] com.zaxxer.hikari.HikariDataSource       : HikariPool-1 - Starting...
2025-04-22T11:50:59.599+02:00  INFO 23256 --- [           main] com.zaxxer.hikari.pool.HikariPool        : HikariPool-1 - Added connection conn0: url=jdbc:h2:mem:testdb user=SA
2025-04-22T11:50:59.602+02:00  INFO 23256 --- [           main] com.zaxxer.hikari.HikariDataSource       : HikariPool-1 - Start completed.
2025-04-22T11:50:59.882+02:00  INFO 23256 --- [           main] o.hibernate.jpa.internal.util.LogHelper  : HHH000204: Processing PersistenceUnitInfo [name: default]
2025-04-22T11:51:00.005+02:00  INFO 23256 --- [           main] org.hibernate.Version                    : HHH000412: Hibernate ORM core version 6.4.4.Final
2025-04-22T11:51:00.078+02:00  INFO 23256 --- [           main] o.h.c.internal.RegionFactoryInitiator    : HHH000026: Second-level cache disabled
2025-04-22T11:51:00.324+02:00  INFO 23256 --- [           main] o.s.o.j.p.SpringPersistenceUnitInfo      : No LoadTimeWeaver setup: ignoring JPA class transformer
2025-04-22T11:51:00.445+02:00  WARN 23256 --- [           main] org.hibernate.orm.deprecation            : HHH90000025: H2Dialect does not need to be specified explicitly using 'hibernate.dialect' (remove the property setting and it will be selected by default)
2025-04-22T11:51:02.589+02:00  INFO 23256 --- [           main] o.h.e.t.j.p.i.JtaPlatformInitiator       : HHH000489: No JTA platform available (set 'hibernate.transaction.jta.platform' to enable JTA platform integration)
Hibernate: 
    drop table if exists _user cascade 
Hibernate: 
    drop table if exists affectation cascade 
Hibernate: 
    drop table if exists appareil cascade 
Hibernate: 
    drop table if exists emplacement cascade 
Hibernate: 
    drop table if exists objets_nomades cascade 
Hibernate: 
    drop table if exists ordinateur cascade 
Hibernate: 
    drop table if exists parc cascade 
Hibernate: 
    drop table if exists peripherique cascade 
Hibernate: 
    drop table if exists personne cascade 
Hibernate: 
    drop table if exists roles cascade 
Hibernate: 
    drop table if exists type_emplacement cascade 
Hibernate: 
    drop table if exists utilisateur_roles cascade 
Hibernate: 
    drop table if exists utilisateurs cascade 
Hibernate: 
    drop sequence if exists _user_seq
Hibernate: 
    create sequence _user_seq start with 1 increment by 50
Hibernate: 
    create table _user (
        id bigint not null,
        email varchar(255),
        firstname varchar(255),
        lastname varchar(255),
        password varchar(255),
        role varchar(255) check (role in ('USER','ADMIN')),
        primary key (id)
    )
Hibernate: 
    create table affectation (
        date_affectation date,
        id bigint generated by default as identity,
        id_appareil bigint,
        id_personne bigint,
        primary key (id)
    )
Hibernate: 
    create table appareil (
        id_appareil bigint generated by default as identity,
        marque varchar(25),
        libelle varchar(30),
        primary key (id_appareil)
    )
Hibernate: 
    create table emplacement (
        id_emplacement bigint generated by default as identity,
        id_parc bigint,
        id_type_emplacement bigint,
        numero varchar(30),
        primary key (id_emplacement)
    )
Hibernate: 
    create table objets_nomades (
        a5g boolean,
        a_double_sim boolean,
        a_nfc boolean,
        autonomie_batterie integer check (autonomie_batterie>=4),
        capacite_batterie integer,
        est_actif boolean not null,
        support_clavier boolean,
        support_stylet boolean,
        taille_ecran float(53) not null check (taille_ecran>=13),
        taille_ram integer not null check (taille_ram>=4),
        taille_stockage integer not null check (taille_stockage>=128),
        date_acquisition timestamp(6) not null,
        date_derniere_maintenance timestamp(6),
        date_mise_en_service timestamp(6),
        id_objet_nomade bigint generated by default as identity,
        personne_id bigint,
        dtype varchar(31) not null,
        carte_graphique varchar(255),
        commentaire varchar(255),
        etat varchar(255) check (etat in ('NEUF','BON','MOYEN','MAUVAIS','HORS_SERVICE')),
        marque varchar(255),
        modele varchar(255),
        nom varchar(255),
        numero_serie varchar(255) unique,
        processeur varchar(255) not null,
        resolution_camera varchar(255),
        systeme_exploitation varchar(255) not null,
        type varchar(255) not null check (type in ('SMARTPHONE','TABLETTE','LAPTOP','MONTRE_CONNECTEE','LUNETTES_CONNECTEES','LECTEUR_MP3','LECTEUR_MP4','CONSOLE_PORTABLE','CAMERA_ACTION','DRONE','ENCEINTE_NOMADE','CAISSE_ENREGISTREUSE','TERMINAL_PAIEMENT','SCANNER_CODE_BARRE','IMPRIMANTE_THERMIQUE')),
        type_stockage varchar(255),
        version_systeme varchar(255),
        primary key (id_objet_nomade)
    )
Hibernate: 
    create table ordinateur (
        de_bureau boolean not null,
        id_appareil bigint not null,
        primary key (id_appareil)
    )
Hibernate: 
    create table parc (
        id_parc bigint generated by default as identity,
        nom varchar(50),
        adresse varchar(100),
        primary key (id_parc)
    )
Hibernate: 
    create table peripherique (
        est_actif boolean not null,
        date_acquisition timestamp(6) not null,
        date_mise_en_service timestamp(6),
        id_peripherique bigint generated by default as identity,
        objet_nomade_id_objet_nomade bigint,
        ordinateur_id_appareil bigint,
        commentaire varchar(255),
        etat varchar(255) check (etat in ('NEUF','BON','MOYEN','MAUVAIS','HORS_SERVICE')),
        marque varchar(255),
        modele varchar(255),
        numero_serie varchar(255) unique,
        type varchar(255) not null check (type in ('CLAVIER','SOURIS','ECRAN','IMPRIMANTE','SCANNEUR','HAUT_PARLEUR','MICROPHONE','WEBCAM','CASQUE','TOUCHPAD','STOCKAGE_EXTERNE','CARTE_GRAPHIQUE','CARTE_RESEAU','CARTE_SON','COQUE','PROTECTION_ECRAN','CHARGEUR','BATTERIE_EXTERNE','SUPPORT','ETUI','STYLET','ADAPTATEUR','HUB_USB','ENCEINTE_BLUETOOTH','ECOUTEURS','STATION_CHARGEMENT')),
        primary key (id_peripherique)
    )
Hibernate: 
    create table personne (
        date_naissance date not null,
        id_personne bigint generated by default as identity,
        role_id bigint,
        telephone varchar(15),
        prenom varchar(25),
        nom varchar(30),
        adresse varchar(50),
        email varchar(255) unique,
        firstname varchar(255) not null,
        lastname varchar(255) not null,
        password varchar(255) not null,
        primary key (id_personne)
    )
Hibernate: 
    create table roles (
        id bigint generated by default as identity,
        name varchar(20) check (name in ('USER','ADMIN')),
        description varchar(255),
        primary key (id)
    )
Hibernate: 
    create table type_emplacement (
        id_type_emplacement bigint generated by default as identity,
        libelle varchar(50),
        description varchar(200),
        primary key (id_type_emplacement)
    )
Hibernate: 
    create table utilisateur_roles (
        utilisateur_id bigint not null,
        role varchar(255)
    )
Hibernate: 
    create table utilisateurs (
        active boolean not null,
        id bigint generated by default as identity,
        email varchar(255) not null,
        password varchar(255) not null,
        username varchar(255) not null unique,
        primary key (id)
    )
Hibernate: 
    alter table if exists affectation 
       add constraint FKqbebrglc9s5ba2rtabgkpmh4v 
       foreign key (id_appareil) 
       references appareil
Hibernate: 
    alter table if exists affectation 
       add constraint FKpl7huwo8w5q7mx69xog1lhtmp 
       foreign key (id_personne) 
       references personne
Hibernate: 
    alter table if exists emplacement 
       add constraint FK70poolrl38m7q6qjjfcruxptj 
       foreign key (id_parc) 
       references parc
Hibernate: 
    alter table if exists emplacement 
       add constraint FK8j5i86s9lupj07nkyf130uop3 
       foreign key (id_type_emplacement) 
       references type_emplacement
Hibernate: 
    alter table if exists objets_nomades 
       add constraint FK83gse453bxlo70ubs6cx7xamb 
       foreign key (personne_id) 
       references personne
Hibernate: 
    alter table if exists ordinateur 
       add constraint FKfsi3act5l886v6mxg3qvsqe0e 
       foreign key (id_appareil) 
       references appareil
Hibernate: 
    alter table if exists peripherique 
       add constraint FKg0ee3qggkwvxdbmwuugvwg2y5 
       foreign key (objet_nomade_id_objet_nomade) 
       references objets_nomades
Hibernate: 
    alter table if exists peripherique 
       add constraint FKgp82s3peg2wi0wb4i67ochvod 
       foreign key (ordinateur_id_appareil) 
       references ordinateur
Hibernate: 
    alter table if exists personne 
       add constraint FKe80x3vvih7uekfesbk5m1s8ri 
       foreign key (role_id) 
       references roles
Hibernate: 
    alter table if exists utilisateur_roles 
       add constraint FK7fm9de8itma0gr6wpblfr5o0o 
       foreign key (utilisateur_id) 
       references utilisateurs
2025-04-22T11:51:02.709+02:00  INFO 23256 --- [           main] j.LocalContainerEntityManagerFactoryBean : Initialized JPA EntityManagerFactory for persistence unit 'default'
2025-04-22T11:51:03.607+02:00  WARN 23256 --- [           main] JpaBaseConfiguration$JpaWebConfiguration : spring.jpa.open-in-view is enabled by default. Therefore, database queries may be performed during view rendering. Explicitly configure spring.jpa.open-in-view to disable this warning
2025-04-22T11:51:04.090+02:00  INFO 23256 --- [           main] o.s.s.web.DefaultSecurityFilterChain     : Will secure any request with [org.springframework.security.web.session.DisableEncodeUrlFilter@3dc55c7e, org.springframework.security.web.context.request.async.WebAsyncManagerIntegrationFilter@25260f67, org.springframework.security.web.context.SecurityContextHolderFilter@264651eb, org.springframework.security.web.header.HeaderWriterFilter@25a935e1, org.springframework.web.filter.CorsFilter@6cb2f0cb, org.springframework.security.web.authentication.logout.LogoutFilter@2960c6a6, com.parcinfo.security.JwtAuthenticationFilter@22f07a00, org.springframework.security.web.savedrequest.RequestCacheAwareFilter@47340483, org.springframework.security.web.servletapi.SecurityContextHolderAwareRequestFilter@626ca162, org.springframework.security.web.authentication.AnonymousAuthenticationFilter@220533b3, org.springframework.security.web.session.SessionManagementFilter@30a86cc4, org.springframework.security.web.access.ExceptionTranslationFilter@46c8e209, org.springframework.security.web.access.intercept.AuthorizationFilter@2b6c562e]
2025-04-22T11:51:04.391+02:00  WARN 23256 --- [           main] ion$DefaultTemplateResolverConfiguration : Cannot find template location: classpath:/templates/ (please add some templates, check your Thymeleaf configuration, or set spring.thymeleaf.check-template-location=false)
2025-04-22T11:51:04.526+02:00  INFO 23256 --- [           main] o.s.b.t.m.w.SpringBootMockServletContext : Initializing Spring TestDispatcherServlet ''
2025-04-22T11:51:04.527+02:00  INFO 23256 --- [           main] o.s.t.web.servlet.TestDispatcherServlet  : Initializing Servlet ''
2025-04-22T11:51:04.528+02:00  INFO 23256 --- [           main] o.s.t.web.servlet.TestDispatcherServlet  : Completed initialization in 1 ms
2025-04-22T11:51:04.549+02:00  INFO 23256 --- [           main] c.p.c.AuthenticationControllerTest       : Started AuthenticationControllerTest in 9.621 seconds (process running for 11.823)
]]></system-out>
    <system-err><![CDATA[WARNING: A Java agent has been loaded dynamically (C:\Users\CDA-05\.m2\repository\net\bytebuddy\byte-buddy-agent\1.14.12\byte-buddy-agent-1.14.12.jar)
WARNING: If a serviceability tool is in use, please run with -XX:+EnableDynamicAgentLoading to hide this warning
WARNING: If a serviceability tool is not in use, please run with -Djdk.instrument.traceUsage for more information
WARNING: Dynamic loading of agents will be disallowed by default in a future release
]]></system-err>
  </testcase>
  <testcase name="register_ShouldValidateInput" classname="com.parcinfo.controller.AuthenticationControllerTest" time="0.02"/>
  <testcase name="authenticate_ShouldReturnToken" classname="com.parcinfo.controller.AuthenticationControllerTest" time="0.011"/>
</testsuite>